-------------------------------------------------------------------------------
Test set: TestSuite
-------------------------------------------------------------------------------
Tests run: 30, Failures: 1, Errors: 0, Skipped: 0, Time elapsed: 10.043 s <<< FAILURE! - in TestSuite
createProject(com.lemon.testcaes.CreateProjectCase)  Time elapsed: 0.185 s  <<< FAILURE!
java.lang.AssertionError: expected [Pass] but found [Fail]
	at com.lemon.testcaes.CreateProjectCase.createProject(CreateProjectCase.java:47)

