<?xml version="1.0" encoding="UTF-8"?>
<testsuite xmlns:xsi="http://www.w3.org/2001/XMLSchema-instance" xsi:noNamespaceSchemaLocation="https://maven.apache.org/surefire/maven-surefire-plugin/xsd/surefire-test-report.xsd" name="TestSuite" time="10.043" tests="30" errors="0" skipped="0" failures="1">
  <properties>
[...]
</properties>
  <testcase name="Register" classname="com.lemon.testcaes.RegisterCase" time="1.249"/>
  <testcase name="Register" classname="com.lemon.testcaes.RegisterCase" time="0.109"/>
  <testcase name="Register" classname="com.lemon.testcaes.RegisterCase" time="0.078"/>
  <testcase name="Register" classname="com.lemon.testcaes.RegisterCase" time="0.078"/>
  <testcase name="Register" classname="com.lemon.testcaes.RegisterCase" time="0.251"/>
  <testcase name="Register" classname="com.lemon.testcaes.RegisterCase" time="0.094"/>
  <testcase name="login" classname="com.lemon.testcaes.LoginCase" time="0.078"/>
  <testcase name="login" classname="com.lemon.testcaes.LoginCase" time="0.086"/>
  <testcase name="login" classname="com.lemon.testcaes.LoginCase" time="0.21"/>
  <testcase name="login" classname="com.lemon.testcaes.LoginCase" time="0.22"/>
  <testcase name="login" classname="com.lemon.testcaes.LoginCase" time="0.21"/>
  <testcase name="configures" classname="com.lemon.testcaes.ConfiguresCase" time="0.11"/>
  <testcase name="configures" classname="com.lemon.testcaes.ConfiguresCase" time="0.079"/>
  <testcase name="configures" classname="com.lemon.testcaes.ConfiguresCase" time="0.099"/>
  <testcase name="configures" classname="com.lemon.testcaes.ConfiguresCase" time="0.088"/>
  <testcase name="configures" classname="com.lemon.testcaes.ConfiguresCase" time="0.094"/>
  <testcase name="configures" classname="com.lemon.testcaes.ConfiguresCase" time="0.091"/>
  <testcase name="project" classname="com.lemon.testcaes.ProjectsCase" time="0.189"/>
  <testcase name="project" classname="com.lemon.testcaes.ProjectsCase" time="0.063"/>
  <testcase name="project" classname="com.lemon.testcaes.ProjectsCase" time="0.12"/>
  <testcase name="project" classname="com.lemon.testcaes.ProjectsCase" time="0.095"/>
  <testcase name="project" classname="com.lemon.testcaes.ProjectsCase" time="0.155"/>
  <testcase name="project" classname="com.lemon.testcaes.ProjectsCase" time="0.159"/>
  <testcase name="createProject" classname="com.lemon.testcaes.CreateProjectCase" time="0.079"/>
  <testcase name="createProject" classname="com.lemon.testcaes.CreateProjectCase" time="0.082"/>
  <testcase name="createProject" classname="com.lemon.testcaes.CreateProjectCase" time="0.082"/>
  <testcase name="createProject" classname="com.lemon.testcaes.CreateProjectCase" time="0.094"/>
  <testcase name="createProject" classname="com.lemon.testcaes.CreateProjectCase" time="0.094"/>
  <testcase name="createProject" classname="com.lemon.testcaes.CreateProjectCase" time="0.135"/>
  <testcase name="createProject" classname="com.lemon.testcaes.CreateProjectCase" time="0.185">
    <failure message="expected [Pass] but found [Fail]" type="java.lang.AssertionError">java.lang.AssertionError: expected [Pass] but found [Fail]
	at com.lemon.testcaes.CreateProjectCase.createProject(CreateProjectCase.java:47)
</failure>
    <system-out><![CDATA[[INFO] 2019-12-23 19:23:00 method: com.lemon.testcaes.CreateProjectCase.createProject(CreateProjectCase.java:23)----=======================CreateProjectCase.test=======================
[INFO] 2019-12-23 19:23:00 method: com.lemon.testcaes.CreateProjectCase.createProject(CreateProjectCase.java:26)----=======================CreateProjectCase参数化后请求参数：{"name": "15201065119","leader": "wurui","tester":"wurui","programmer":"wurui","publish_app":"111","desc":"大王叫我来巡山"}
[INFO] 2019-12-23 19:23:00 method: com.lemon.testcaes.CreateProjectCase.createProject(CreateProjectCase.java:32)----==================CreateProjectCase参数化后的sql查询语句: 
[INFO] 2019-12-23 19:23:00 method: com.lemon.testcaes.CreateProjectCase.createProject(CreateProjectCase.java:36)----==================CreateProjectCase参数化后请求期望数据：[{"value":"15201065119","expression":"$.name"}]
[INFO] 2019-12-23 19:23:00 method: com.lemon.utils.HttpUtil.post(HttpUtil.java:167)----Post请求响应头是： [Server: nginx/1.16.1, Date: Mon, 23 Dec 2019 11:22:59 GMT, Content-Type: application/json, Content-Length: 62, Connection: keep-alive, Vary: Accept, Origin, Allow: GET, POST, HEAD, OPTIONS, X-Frame-Options: SAMEORIGIN]
[INFO] 2019-12-23 19:23:00 method: com.lemon.utils.HttpUtil.post(HttpUtil.java:172)----Post请求状态响应码是： 400
[INFO] 2019-12-23 19:23:00 method: com.lemon.utils.HttpUtil.post(HttpUtil.java:173)----Post请求响应体是： {"name":["具有 项目名称 的 项目信息 已存在。"]}
[INFO] 2019-12-23 19:23:00 method: com.lemon.testcaes.CreateProjectCase.createProject(CreateProjectCase.java:45)----========================CreateProjectCase最终断言结果：Fail
]]></system-out>
  </testcase>
</testsuite>