<?xml version="1.0" encoding="UTF-8"?>
<testng-results skipped="0" failed="1" total="30" passed="29">
  <reporter-output>
  </reporter-output>
  <suite name="Suite" duration-ms="7338" started-at="2019-12-23T11:22:53Z" finished-at="2019-12-23T11:23:00Z">
    <groups>
    </groups>
    <test name="Test" duration-ms="7338" started-at="2019-12-23T11:22:53Z" finished-at="2019-12-23T11:23:00Z">
      <class name="com.lemon.testcaes.CreateProjectCase">
        <test-method status="PASS" signature="before()[pri:0, instance:com.lemon.testcaes.CreateProjectCase@bc57b40]" name="before" is-config="true" duration-ms="0" started-at="2019-12-23T19:22:53Z" finished-at="2019-12-23T19:22:53Z">
          <reporter-output>
          </reporter-output>
        </test-method> <!-- before -->
        <test-method status="PASS" signature="createProject(com.lemon.api.RequestType, com.lemon.api.RequestCase)[pri:0, instance:com.lemon.testcaes.CreateProjectCase@bc57b40]" name="createProject" duration-ms="94" started-at="2019-12-23T19:22:59Z" description="项目列表接口" data-provider="datas" finished-at="2019-12-23T19:23:00Z">
          <params>
            <param index="0">
              <value>
                <![CDATA[RequestType [apiId=5, name=create, type=post, url=http://api.keyou.site:8000/projects/, contenttype=json]]]>
              </value>
            </param>
            <param index="1">
              <value>
                <![CDATA[RequestCase{caseId=24, description='不传项目名', params='{"name": "","leader": "wurui","tester":"wurui","programmer":"wurui","publish_app":"11","desc":"大王叫我来巡山"}', apiId='5', experdata='{"name":["该字段不能为空。"]}', sqldata=''}]]>
              </value>
            </param>
          </params>
          <reporter-output>
          </reporter-output>
        </test-method> <!-- createProject -->
        <test-method status="PASS" signature="createProject(com.lemon.api.RequestType, com.lemon.api.RequestCase)[pri:0, instance:com.lemon.testcaes.CreateProjectCase@bc57b40]" name="createProject" duration-ms="80" started-at="2019-12-23T19:23:00Z" description="项目列表接口" data-provider="datas" finished-at="2019-12-23T19:23:00Z">
          <params>
            <param index="0">
              <value>
                <![CDATA[RequestType [apiId=5, name=create, type=post, url=http://api.keyou.site:8000/projects/, contenttype=json]]]>
              </value>
            </param>
            <param index="1">
              <value>
                <![CDATA[RequestCase{caseId=25, description='不传leader', params='{"name": "15201065119","leader": "","tester":"wurui","programmer":"wurui","publish_app":"11","desc":"大王叫我来巡山"}', apiId='5', experdata='{"leader":["该字段不能为空。"]}', sqldata=''}]]>
              </value>
            </param>
          </params>
          <reporter-output>
          </reporter-output>
        </test-method> <!-- createProject -->
        <test-method status="PASS" signature="createProject(com.lemon.api.RequestType, com.lemon.api.RequestCase)[pri:0, instance:com.lemon.testcaes.CreateProjectCase@bc57b40]" name="createProject" duration-ms="83" started-at="2019-12-23T19:23:00Z" description="项目列表接口" data-provider="datas" finished-at="2019-12-23T19:23:00Z">
          <params>
            <param index="0">
              <value>
                <![CDATA[RequestType [apiId=5, name=create, type=post, url=http://api.keyou.site:8000/projects/, contenttype=json]]]>
              </value>
            </param>
            <param index="1">
              <value>
                <![CDATA[RequestCase{caseId=26, description='不传tester', params='{"name": "15201065119","leader": "wurui","tester":"","programmer":"wurui","publish_app":"11","desc":"大王叫我来巡山"}', apiId='5', experdata='{"tester":["该字段不能为空。"]}', sqldata=''}]]>
              </value>
            </param>
          </params>
          <reporter-output>
          </reporter-output>
        </test-method> <!-- createProject -->
        <test-method status="PASS" signature="createProject(com.lemon.api.RequestType, com.lemon.api.RequestCase)[pri:0, instance:com.lemon.testcaes.CreateProjectCase@bc57b40]" name="createProject" duration-ms="94" started-at="2019-12-23T19:23:00Z" description="项目列表接口" data-provider="datas" finished-at="2019-12-23T19:23:00Z">
          <params>
            <param index="0">
              <value>
                <![CDATA[RequestType [apiId=5, name=create, type=post, url=http://api.keyou.site:8000/projects/, contenttype=json]]]>
              </value>
            </param>
            <param index="1">
              <value>
                <![CDATA[RequestCase{caseId=27, description='不传programmer', params='{"name": "15201065119","leader": "wurui","tester":"wurui","programmer":"","publish_app":"11","desc":"大王叫我来巡山"}', apiId='5', experdata='{"programmer":["该字段不能为空。"]}', sqldata=''}]]>
              </value>
            </param>
          </params>
          <reporter-output>
          </reporter-output>
        </test-method> <!-- createProject -->
        <test-method status="PASS" signature="createProject(com.lemon.api.RequestType, com.lemon.api.RequestCase)[pri:0, instance:com.lemon.testcaes.CreateProjectCase@bc57b40]" name="createProject" duration-ms="94" started-at="2019-12-23T19:23:00Z" description="项目列表接口" data-provider="datas" finished-at="2019-12-23T19:23:00Z">
          <params>
            <param index="0">
              <value>
                <![CDATA[RequestType [apiId=5, name=create, type=post, url=http://api.keyou.site:8000/projects/, contenttype=json]]]>
              </value>
            </param>
            <param index="1">
              <value>
                <![CDATA[RequestCase{caseId=28, description='不传publish_app', params='{"name": "15201065119","leader": "wurui","tester":"wurui","programmer":"wurui","publish_app":"","desc":"大王叫我来巡山"}', apiId='5', experdata='{"publish_app":["该字段不能为空。"]}', sqldata=''}]]>
              </value>
            </param>
          </params>
          <reporter-output>
          </reporter-output>
        </test-method> <!-- createProject -->
        <test-method status="PASS" signature="createProject(com.lemon.api.RequestType, com.lemon.api.RequestCase)[pri:0, instance:com.lemon.testcaes.CreateProjectCase@bc57b40]" name="createProject" duration-ms="125" started-at="2019-12-23T19:23:00Z" description="项目列表接口" data-provider="datas" finished-at="2019-12-23T19:23:00Z">
          <params>
            <param index="0">
              <value>
                <![CDATA[RequestType [apiId=5, name=create, type=post, url=http://api.keyou.site:8000/projects/, contenttype=json]]]>
              </value>
            </param>
            <param index="1">
              <value>
                <![CDATA[RequestCase{caseId=29, description='正确用例', params='{"name": "15201065119","leader": "wurui","tester":"wurui","programmer":"wurui","publish_app":"111","desc":"大王叫我来巡山"}', apiId='5', experdata='[{"value":"15201065119","expression":"$.name"}]', sqldata=''}]]>
              </value>
            </param>
          </params>
          <reporter-output>
          </reporter-output>
        </test-method> <!-- createProject -->
        <test-method status="FAIL" signature="createProject(com.lemon.api.RequestType, com.lemon.api.RequestCase)[pri:0, instance:com.lemon.testcaes.CreateProjectCase@bc57b40]" name="createProject" duration-ms="130" started-at="2019-12-23T19:23:00Z" description="项目列表接口" data-provider="datas" finished-at="2019-12-23T19:23:00Z">
          <params>
            <param index="0">
              <value>
                <![CDATA[RequestType [apiId=5, name=create, type=post, url=http://api.keyou.site:8000/projects/, contenttype=json]]]>
              </value>
            </param>
            <param index="1">
              <value>
                <![CDATA[RequestCase{caseId=30, description='正确用例', params='{"name": "15201065119","leader": "wurui","tester":"wurui","programmer":"wurui","publish_app":"111","desc":"大王叫我来巡山"}', apiId='5', experdata='[{"value":"15201065119","expression":"$.name"}]', sqldata=''}]]>
              </value>
            </param>
          </params>
          <exception class="java.lang.AssertionError">
            <message>
              <![CDATA[expected [Pass] but found [Fail]]]>
            </message>
            <full-stacktrace>
              <![CDATA[java.lang.AssertionError: expected [Pass] but found [Fail]
	at org.testng.Assert.fail(Assert.java:94)
	at org.testng.Assert.failNotEquals(Assert.java:494)
	at org.testng.Assert.assertEquals(Assert.java:123)
	at org.testng.Assert.assertEquals(Assert.java:176)
	at org.testng.Assert.assertEquals(Assert.java:186)
	at com.lemon.testcaes.CreateProjectCase.createProject(CreateProjectCase.java:47)
	at sun.reflect.NativeMethodAccessorImpl.invoke0(Native Method)
	at sun.reflect.NativeMethodAccessorImpl.invoke(NativeMethodAccessorImpl.java:62)
	at sun.reflect.DelegatingMethodAccessorImpl.invoke(DelegatingMethodAccessorImpl.java:43)
	at java.lang.reflect.Method.invoke(Method.java:498)
	at org.testng.internal.MethodInvocationHelper.invokeMethod(MethodInvocationHelper.java:84)
	at org.testng.internal.Invoker.invokeMethod(Invoker.java:714)
	at org.testng.internal.Invoker.invokeTestMethod(Invoker.java:901)
	at org.testng.internal.Invoker.invokeTestMethods(Invoker.java:1231)
	at org.testng.internal.TestMethodWorker.invokeTestMethods(TestMethodWorker.java:127)
	at org.testng.internal.TestMethodWorker.run(TestMethodWorker.java:111)
	at org.testng.TestRunner.privateRun(TestRunner.java:767)
	at org.testng.TestRunner.run(TestRunner.java:617)
	at org.testng.SuiteRunner.runTest(SuiteRunner.java:348)
	at org.testng.SuiteRunner.runSequentially(SuiteRunner.java:343)
	at org.testng.SuiteRunner.privateRun(SuiteRunner.java:305)
	at org.testng.SuiteRunner.run(SuiteRunner.java:254)
	at org.testng.SuiteRunnerWorker.runSuite(SuiteRunnerWorker.java:52)
	at org.testng.SuiteRunnerWorker.run(SuiteRunnerWorker.java:86)
	at org.testng.TestNG.runSuitesSequentially(TestNG.java:1224)
	at org.testng.TestNG.runSuitesLocally(TestNG.java:1149)
	at org.testng.TestNG.run(TestNG.java:1057)
	at org.apache.maven.surefire.testng.TestNGExecutor.run(TestNGExecutor.java:283)
	at org.apache.maven.surefire.testng.TestNGXmlTestSuite.execute(TestNGXmlTestSuite.java:75)
	at org.apache.maven.surefire.testng.TestNGProvider.invoke(TestNGProvider.java:120)
	at org.apache.maven.surefire.booter.ForkedBooter.invokeProviderInSameClassLoader(ForkedBooter.java:384)
	at org.apache.maven.surefire.booter.ForkedBooter.runSuitesInProcess(ForkedBooter.java:345)
	at org.apache.maven.surefire.booter.ForkedBooter.execute(ForkedBooter.java:126)
	at org.apache.maven.surefire.booter.ForkedBooter.main(ForkedBooter.java:418)
]]>
            </full-stacktrace>
          </exception> <!-- java.lang.AssertionError -->
          <reporter-output>
          </reporter-output>
        </test-method> <!-- createProject -->
      </class> <!-- com.lemon.testcaes.CreateProjectCase -->
      <class name="com.lemon.testcaes.ConfiguresCase">
        <test-method status="PASS" signature="configures(com.lemon.api.RequestType, com.lemon.api.RequestCase)[pri:0, instance:com.lemon.testcaes.ConfiguresCase@200a26bc]" name="configures" duration-ms="111" started-at="2019-12-23T19:22:58Z" description="配置列表接口" data-provider="datas" finished-at="2019-12-23T19:22:58Z">
          <params>
            <param index="0">
              <value>
                <![CDATA[RequestType [apiId=3, name=configures, type=get, url=http://api.keyou.site:8000/configures/, contenttype=json]]]>
              </value>
            </param>
            <param index="1">
              <value>
                <![CDATA[RequestCase{caseId=12, description='传page，不传size', params='page=1&size=', apiId='3', experdata='[{"value":"柠檬小姐姐","expression":"$.results.author[0]"}]', sqldata=''}]]>
              </value>
            </param>
          </params>
          <reporter-output>
          </reporter-output>
        </test-method> <!-- configures -->
        <test-method status="PASS" signature="configures(com.lemon.api.RequestType, com.lemon.api.RequestCase)[pri:0, instance:com.lemon.testcaes.ConfiguresCase@200a26bc]" name="configures" duration-ms="79" started-at="2019-12-23T19:22:58Z" description="配置列表接口" data-provider="datas" finished-at="2019-12-23T19:22:58Z">
          <params>
            <param index="0">
              <value>
                <![CDATA[RequestType [apiId=3, name=configures, type=get, url=http://api.keyou.site:8000/configures/, contenttype=json]]]>
              </value>
            </param>
            <param index="1">
              <value>
                <![CDATA[RequestCase{caseId=13, description='不传page，传size', params='page=&size=10', apiId='3', experdata='{"detail":"无效页面。"}', sqldata=''}]]>
              </value>
            </param>
          </params>
          <reporter-output>
          </reporter-output>
        </test-method> <!-- configures -->
        <test-method status="PASS" signature="configures(com.lemon.api.RequestType, com.lemon.api.RequestCase)[pri:0, instance:com.lemon.testcaes.ConfiguresCase@200a26bc]" name="configures" duration-ms="99" started-at="2019-12-23T19:22:58Z" description="配置列表接口" data-provider="datas" finished-at="2019-12-23T19:22:58Z">
          <params>
            <param index="0">
              <value>
                <![CDATA[RequestType [apiId=3, name=configures, type=get, url=http://api.keyou.site:8000/configures/, contenttype=json]]]>
              </value>
            </param>
            <param index="1">
              <value>
                <![CDATA[RequestCase{caseId=14, description='传page为负数', params='page=-1&size=10', apiId='3', experdata='{"detail":"无效页面。"}', sqldata=''}]]>
              </value>
            </param>
          </params>
          <reporter-output>
          </reporter-output>
        </test-method> <!-- configures -->
        <test-method status="PASS" signature="configures(com.lemon.api.RequestType, com.lemon.api.RequestCase)[pri:0, instance:com.lemon.testcaes.ConfiguresCase@200a26bc]" name="configures" duration-ms="88" started-at="2019-12-23T19:22:58Z" description="配置列表接口" data-provider="datas" finished-at="2019-12-23T19:22:58Z">
          <params>
            <param index="0">
              <value>
                <![CDATA[RequestType [apiId=3, name=configures, type=get, url=http://api.keyou.site:8000/configures/, contenttype=json]]]>
              </value>
            </param>
            <param index="1">
              <value>
                <![CDATA[RequestCase{caseId=15, description='传page为非数字', params='page=*1&size=10', apiId='3', experdata='{"detail":"无效页面。"}', sqldata=''}]]>
              </value>
            </param>
          </params>
          <reporter-output>
          </reporter-output>
        </test-method> <!-- configures -->
        <test-method status="PASS" signature="configures(com.lemon.api.RequestType, com.lemon.api.RequestCase)[pri:0, instance:com.lemon.testcaes.ConfiguresCase@200a26bc]" name="configures" duration-ms="90" started-at="2019-12-23T19:22:58Z" description="配置列表接口" data-provider="datas" finished-at="2019-12-23T19:22:59Z">
          <params>
            <param index="0">
              <value>
                <![CDATA[RequestType [apiId=3, name=configures, type=get, url=http://api.keyou.site:8000/configures/, contenttype=json]]]>
              </value>
            </param>
            <param index="1">
              <value>
                <![CDATA[RequestCase{caseId=16, description='正确用例', params='page=1&size=10', apiId='3', experdata='[{"value":"柠檬小姐姐","expression":"$.results.author[0]"}]', sqldata='select leave_amount from member where id = ${member_id}'}]]>
              </value>
            </param>
          </params>
          <reporter-output>
          </reporter-output>
        </test-method> <!-- configures -->
        <test-method status="PASS" signature="configures(com.lemon.api.RequestType, com.lemon.api.RequestCase)[pri:0, instance:com.lemon.testcaes.ConfiguresCase@200a26bc]" name="configures" duration-ms="93" started-at="2019-12-23T19:22:59Z" description="配置列表接口" data-provider="datas" finished-at="2019-12-23T19:22:59Z">
          <params>
            <param index="0">
              <value>
                <![CDATA[RequestType [apiId=3, name=configures, type=get, url=http://api.keyou.site:8000/configures/, contenttype=json]]]>
              </value>
            </param>
            <param index="1">
              <value>
                <![CDATA[RequestCase{caseId=17, description='正确用例', params='page=1&size=20', apiId='3', experdata='[{"value":"柠檬小姐姐","expression":"$.results.author[0]"}]', sqldata='select leave_amount from member where id = ${member_id}'}]]>
              </value>
            </param>
          </params>
          <reporter-output>
          </reporter-output>
        </test-method> <!-- configures -->
      </class> <!-- com.lemon.testcaes.ConfiguresCase -->
      <class name="com.lemon.testcaes.LoginCase">
        <test-method status="PASS" signature="login(com.lemon.api.RequestType, com.lemon.api.RequestCase)[pri:0, instance:com.lemon.testcaes.LoginCase@733c423e]" name="login" duration-ms="78" started-at="2019-12-23T19:22:57Z" description="登陆接口" data-provider="datas" finished-at="2019-12-23T19:22:57Z">
          <params>
            <param index="0">
              <value>
                <![CDATA[RequestType [apiId=2, name=login, type=post, url=http://api.keyou.site:8000/user/login/, contenttype=json]]]>
              </value>
            </param>
            <param index="1">
              <value>
                <![CDATA[RequestCase{caseId=7, description='传用户名，不传密码', params='{"username": "15201065119","password":""}', apiId='2', experdata='{"password":["该字段不能为空。"]}', sqldata=''}]]>
              </value>
            </param>
          </params>
          <reporter-output>
          </reporter-output>
        </test-method> <!-- login -->
        <test-method status="PASS" signature="login(com.lemon.api.RequestType, com.lemon.api.RequestCase)[pri:0, instance:com.lemon.testcaes.LoginCase@733c423e]" name="login" duration-ms="85" started-at="2019-12-23T19:22:57Z" description="登陆接口" data-provider="datas" finished-at="2019-12-23T19:22:57Z">
          <params>
            <param index="0">
              <value>
                <![CDATA[RequestType [apiId=2, name=login, type=post, url=http://api.keyou.site:8000/user/login/, contenttype=json]]]>
              </value>
            </param>
            <param index="1">
              <value>
                <![CDATA[RequestCase{caseId=8, description='不传用户名，传密码', params='{"username":"","password":"123456"}', apiId='2', experdata='{"username":["该字段不能为空。"]}', sqldata=''}]]>
              </value>
            </param>
          </params>
          <reporter-output>
          </reporter-output>
        </test-method> <!-- login -->
        <test-method status="PASS" signature="login(com.lemon.api.RequestType, com.lemon.api.RequestCase)[pri:0, instance:com.lemon.testcaes.LoginCase@733c423e]" name="login" duration-ms="213" started-at="2019-12-23T19:22:57Z" description="登陆接口" data-provider="datas" finished-at="2019-12-23T19:22:58Z">
          <params>
            <param index="0">
              <value>
                <![CDATA[RequestType [apiId=2, name=login, type=post, url=http://api.keyou.site:8000/user/login/, contenttype=json]]]>
              </value>
            </param>
            <param index="1">
              <value>
                <![CDATA[RequestCase{caseId=9, description='未注册过的手机号', params='{"username":"16666666666","password":"123456"}', apiId='2', experdata='{"non_field_errors":["无法使用提供的认证信息登录。"]}', sqldata=''}]]>
              </value>
            </param>
          </params>
          <reporter-output>
          </reporter-output>
        </test-method> <!-- login -->
        <test-method status="PASS" signature="login(com.lemon.api.RequestType, com.lemon.api.RequestCase)[pri:0, instance:com.lemon.testcaes.LoginCase@733c423e]" name="login" duration-ms="214" started-at="2019-12-23T19:22:58Z" description="登陆接口" data-provider="datas" finished-at="2019-12-23T19:22:58Z">
          <params>
            <param index="0">
              <value>
                <![CDATA[RequestType [apiId=2, name=login, type=post, url=http://api.keyou.site:8000/user/login/, contenttype=json]]]>
              </value>
            </param>
            <param index="1">
              <value>
                <![CDATA[RequestCase{caseId=10, description='不满足条件的密码', params='{"username": "15201065119","password":"12"}', apiId='2', experdata='{"non_field_errors":["无法使用提供的认证信息登录。"]}', sqldata=''}]]>
              </value>
            </param>
          </params>
          <reporter-output>
          </reporter-output>
        </test-method> <!-- login -->
        <test-method status="PASS" signature="login(com.lemon.api.RequestType, com.lemon.api.RequestCase)[pri:0, instance:com.lemon.testcaes.LoginCase@733c423e]" name="login" duration-ms="216" started-at="2019-12-23T19:22:58Z" description="登陆接口" data-provider="datas" finished-at="2019-12-23T19:22:58Z">
          <params>
            <param index="0">
              <value>
                <![CDATA[RequestType [apiId=2, name=login, type=post, url=http://api.keyou.site:8000/user/login/, contenttype=json]]]>
              </value>
            </param>
            <param index="1">
              <value>
                <![CDATA[RequestCase{caseId=11, description='已注册的账号', params='{"username":"15201065119","password":"123456"}', apiId='2', experdata='[{"value":"15201065119","expression":"$.username"}]', sqldata=''}]]>
              </value>
            </param>
          </params>
          <reporter-output>
          </reporter-output>
        </test-method> <!-- login -->
      </class> <!-- com.lemon.testcaes.LoginCase -->
      <class name="com.lemon.testcaes.RegisterCase">
        <test-method status="PASS" signature="init()[pri:0, instance:com.lemon.testcaes.RegisterCase@52350abb]" name="init" is-config="true" duration-ms="57" started-at="2019-12-23T19:22:53Z" finished-at="2019-12-23T19:22:53Z">
          <reporter-output>
          </reporter-output>
        </test-method> <!-- init -->
        <test-method status="PASS" signature="Register(com.lemon.api.RequestType, com.lemon.api.RequestCase)[pri:0, instance:com.lemon.testcaes.RegisterCase@52350abb]" name="Register" duration-ms="1265" started-at="2019-12-23T19:22:55Z" description="注册接口" data-provider="datas" finished-at="2019-12-23T19:22:56Z">
          <params>
            <param index="0">
              <value>
                <![CDATA[RequestType [apiId=1, name=register, type=post, url=http://api.keyou.site:8000/user/register/, contenttype=json]]]>
              </value>
            </param>
            <param index="1">
              <value>
                <![CDATA[RequestCase{caseId=1, description='不传用户名', params='{"username": "","email": "15201065119@qq.com","password":"123456","password_confirm":"123456"}', apiId='1', experdata='{"username":["该字段不能为空。"]}', sqldata=''}]]>
              </value>
            </param>
          </params>
          <reporter-output>
          </reporter-output>
        </test-method> <!-- Register -->
        <test-method status="PASS" signature="Register(com.lemon.api.RequestType, com.lemon.api.RequestCase)[pri:0, instance:com.lemon.testcaes.RegisterCase@52350abb]" name="Register" duration-ms="94" started-at="2019-12-23T19:22:57Z" description="注册接口" data-provider="datas" finished-at="2019-12-23T19:22:57Z">
          <params>
            <param index="0">
              <value>
                <![CDATA[RequestType [apiId=1, name=register, type=post, url=http://api.keyou.site:8000/user/register/, contenttype=json]]]>
              </value>
            </param>
            <param index="1">
              <value>
                <![CDATA[RequestCase{caseId=2, description='邮箱非法', params='{"username": "15201065119","email": "1#$%m","password":"123456","password_confirm":"123456"}', apiId='1', experdata='{"email":["请输入合法的邮件地址。"]}', sqldata=''}]]>
              </value>
            </param>
          </params>
          <reporter-output>
          </reporter-output>
        </test-method> <!-- Register -->
        <test-method status="PASS" signature="Register(com.lemon.api.RequestType, com.lemon.api.RequestCase)[pri:0, instance:com.lemon.testcaes.RegisterCase@52350abb]" name="Register" duration-ms="93" started-at="2019-12-23T19:22:57Z" description="注册接口" data-provider="datas" finished-at="2019-12-23T19:22:57Z">
          <params>
            <param index="0">
              <value>
                <![CDATA[RequestType [apiId=1, name=register, type=post, url=http://api.keyou.site:8000/user/register/, contenttype=json]]]>
              </value>
            </param>
            <param index="1">
              <value>
                <![CDATA[RequestCase{caseId=3, description='不传密码', params='{"username": "15201065119","email": "15201065119@qq.com","password":"","password_confirm":"123456"}', apiId='1', experdata='{"password":["该字段不能为空。"]}', sqldata=''}]]>
              </value>
            </param>
          </params>
          <reporter-output>
          </reporter-output>
        </test-method> <!-- Register -->
        <test-method status="PASS" signature="Register(com.lemon.api.RequestType, com.lemon.api.RequestCase)[pri:0, instance:com.lemon.testcaes.RegisterCase@52350abb]" name="Register" duration-ms="78" started-at="2019-12-23T19:22:57Z" description="注册接口" data-provider="datas" finished-at="2019-12-23T19:22:57Z">
          <params>
            <param index="0">
              <value>
                <![CDATA[RequestType [apiId=1, name=register, type=post, url=http://api.keyou.site:8000/user/register/, contenttype=json]]]>
              </value>
            </param>
            <param index="1">
              <value>
                <![CDATA[RequestCase{caseId=4, description='不传密码确认密码', params='{"username": "15201065119","email": "15201065119@qq.com","password":"123456","password_confirm":""}', apiId='1', experdata='{"password_confirm":["该字段不能为空。"]}', sqldata=''}]]>
              </value>
            </param>
          </params>
          <reporter-output>
          </reporter-output>
        </test-method> <!-- Register -->
        <test-method status="PASS" signature="Register(com.lemon.api.RequestType, com.lemon.api.RequestCase)[pri:0, instance:com.lemon.testcaes.RegisterCase@52350abb]" name="Register" duration-ms="267" started-at="2019-12-23T19:22:57Z" description="注册接口" data-provider="datas" finished-at="2019-12-23T19:22:57Z">
          <params>
            <param index="0">
              <value>
                <![CDATA[RequestType [apiId=1, name=register, type=post, url=http://api.keyou.site:8000/user/register/, contenttype=json]]]>
              </value>
            </param>
            <param index="1">
              <value>
                <![CDATA[RequestCase{caseId=5, description='合格用户名+合格密码', params='{"username": "15201065119","email": "15201065119@qq.com","password":"123456","password_confirm":"123456"}', apiId='1', experdata='[{"value":"15201065119","expression":"$.username"}]', sqldata='select count(*) from member where id = '15201065119';'}]]>
              </value>
            </param>
          </params>
          <reporter-output>
          </reporter-output>
        </test-method> <!-- Register -->
        <test-method status="PASS" signature="Register(com.lemon.api.RequestType, com.lemon.api.RequestCase)[pri:0, instance:com.lemon.testcaes.RegisterCase@52350abb]" name="Register" duration-ms="94" started-at="2019-12-23T19:22:57Z" description="注册接口" data-provider="datas" finished-at="2019-12-23T19:22:57Z">
          <params>
            <param index="0">
              <value>
                <![CDATA[RequestType [apiId=1, name=register, type=post, url=http://api.keyou.site:8000/user/register/, contenttype=json]]]>
              </value>
            </param>
            <param index="1">
              <value>
                <![CDATA[RequestCase{caseId=6, description='重复以上的用户名+密码', params='{"username": "15201065119","email": "15201065119@qq.com","password":"123456","password_confirm":"123456"}', apiId='1', experdata='{"username":["已存在一位使用该名字的用户。"],"email":["此邮箱已注册"]}', sqldata=''}]]>
              </value>
            </param>
          </params>
          <reporter-output>
          </reporter-output>
        </test-method> <!-- Register -->
        <test-method status="PASS" signature="writeback()[pri:0, instance:com.lemon.testcaes.RegisterCase@52350abb]" name="writeback" is-config="true" duration-ms="539" started-at="2019-12-23T19:23:00Z" finished-at="2019-12-23T19:23:01Z">
          <reporter-output>
          </reporter-output>
        </test-method> <!-- writeback -->
      </class> <!-- com.lemon.testcaes.RegisterCase -->
      <class name="com.lemon.testcaes.ProjectsCase">
        <test-method status="PASS" signature="project(com.lemon.api.RequestType, com.lemon.api.RequestCase)[pri:0, instance:com.lemon.testcaes.ProjectsCase@27eb3298]" name="project" duration-ms="173" started-at="2019-12-23T19:22:59Z" description="项目列表接口" data-provider="datas" finished-at="2019-12-23T19:22:59Z">
          <params>
            <param index="0">
              <value>
                <![CDATA[RequestType [apiId=4, name=projects, type=get, url=http://api.keyou.site:8000/projects/, contenttype=json]]]>
              </value>
            </param>
            <param index="1">
              <value>
                <![CDATA[RequestCase{caseId=18, description='传page，不传size', params='page=1&size=', apiId='4', experdata='[{"value":"自动化测试平台项目","expression":"$.results.name[0]"}]', sqldata=''}]]>
              </value>
            </param>
          </params>
          <reporter-output>
          </reporter-output>
        </test-method> <!-- project -->
        <test-method status="PASS" signature="project(com.lemon.api.RequestType, com.lemon.api.RequestCase)[pri:0, instance:com.lemon.testcaes.ProjectsCase@27eb3298]" name="project" duration-ms="79" started-at="2019-12-23T19:22:59Z" description="项目列表接口" data-provider="datas" finished-at="2019-12-23T19:22:59Z">
          <params>
            <param index="0">
              <value>
                <![CDATA[RequestType [apiId=4, name=projects, type=get, url=http://api.keyou.site:8000/projects/, contenttype=json]]]>
              </value>
            </param>
            <param index="1">
              <value>
                <![CDATA[RequestCase{caseId=19, description='不传page，传size', params='page=&size=10', apiId='4', experdata='{"detail":"无效页面。"}', sqldata=''}]]>
              </value>
            </param>
          </params>
          <reporter-output>
          </reporter-output>
        </test-method> <!-- project -->
        <test-method status="PASS" signature="project(com.lemon.api.RequestType, com.lemon.api.RequestCase)[pri:0, instance:com.lemon.testcaes.ProjectsCase@27eb3298]" name="project" duration-ms="118" started-at="2019-12-23T19:22:59Z" description="项目列表接口" data-provider="datas" finished-at="2019-12-23T19:22:59Z">
          <params>
            <param index="0">
              <value>
                <![CDATA[RequestType [apiId=4, name=projects, type=get, url=http://api.keyou.site:8000/projects/, contenttype=json]]]>
              </value>
            </param>
            <param index="1">
              <value>
                <![CDATA[RequestCase{caseId=20, description='传page为负数', params='page=-1&size=10', apiId='4', experdata='{"detail":"无效页面。"}', sqldata=''}]]>
              </value>
            </param>
          </params>
          <reporter-output>
          </reporter-output>
        </test-method> <!-- project -->
        <test-method status="PASS" signature="project(com.lemon.api.RequestType, com.lemon.api.RequestCase)[pri:0, instance:com.lemon.testcaes.ProjectsCase@27eb3298]" name="project" duration-ms="92" started-at="2019-12-23T19:22:59Z" description="项目列表接口" data-provider="datas" finished-at="2019-12-23T19:22:59Z">
          <params>
            <param index="0">
              <value>
                <![CDATA[RequestType [apiId=4, name=projects, type=get, url=http://api.keyou.site:8000/projects/, contenttype=json]]]>
              </value>
            </param>
            <param index="1">
              <value>
                <![CDATA[RequestCase{caseId=21, description='传page为非数字', params='page=*1&size=10', apiId='4', experdata='{"detail":"无效页面。"}', sqldata=''}]]>
              </value>
            </param>
          </params>
          <reporter-output>
          </reporter-output>
        </test-method> <!-- project -->
        <test-method status="PASS" signature="project(com.lemon.api.RequestType, com.lemon.api.RequestCase)[pri:0, instance:com.lemon.testcaes.ProjectsCase@27eb3298]" name="project" duration-ms="126" started-at="2019-12-23T19:22:59Z" description="项目列表接口" data-provider="datas" finished-at="2019-12-23T19:22:59Z">
          <params>
            <param index="0">
              <value>
                <![CDATA[RequestType [apiId=4, name=projects, type=get, url=http://api.keyou.site:8000/projects/, contenttype=json]]]>
              </value>
            </param>
            <param index="1">
              <value>
                <![CDATA[RequestCase{caseId=22, description='正确用例', params='page=1&size=10', apiId='4', experdata='[{"value":"自动化测试平台项目","expression":"$.results.name[0]"}]', sqldata=''}]]>
              </value>
            </param>
          </params>
          <reporter-output>
          </reporter-output>
        </test-method> <!-- project -->
        <test-method status="PASS" signature="project(com.lemon.api.RequestType, com.lemon.api.RequestCase)[pri:0, instance:com.lemon.testcaes.ProjectsCase@27eb3298]" name="project" duration-ms="159" started-at="2019-12-23T19:22:59Z" description="项目列表接口" data-provider="datas" finished-at="2019-12-23T19:22:59Z">
          <params>
            <param index="0">
              <value>
                <![CDATA[RequestType [apiId=4, name=projects, type=get, url=http://api.keyou.site:8000/projects/, contenttype=json]]]>
              </value>
            </param>
            <param index="1">
              <value>
                <![CDATA[RequestCase{caseId=23, description='正确用例', params='page=1&size=20', apiId='4', experdata='[{"value":"自动化测试平台项目","expression":"$.results.name[0]"}]', sqldata=''}]]>
              </value>
            </param>
          </params>
          <reporter-output>
          </reporter-output>
        </test-method> <!-- project -->
      </class> <!-- com.lemon.testcaes.ProjectsCase -->
    </test> <!-- Test -->
  </suite> <!-- Suite -->
</testng-results>
