<?xml version="1.0" encoding="UTF-8"?>
<testng-results skipped="0" failed="0" total="0" passed="0">
  <reporter-output>
  </reporter-output>
  <suite name="Default suite" duration-ms="1229" started-at="2019-12-23T10:19:06Z" finished-at="2019-12-23T10:19:07Z">
    <groups>
    </groups>
    <test name="Default test" duration-ms="1229" started-at="2019-12-23T10:19:06Z" finished-at="2019-12-23T10:19:07Z">
      <class name="com.lemon.testcaes.ProjectCase">
        <test-method status="PASS" signature="before()[pri:0, instance:com.lemon.testcaes.ProjectCase@76b10754]" name="before" is-config="true" duration-ms="22" started-at="2019-12-23T18:19:06Z" finished-at="2019-12-23T18:19:06Z">
          <reporter-output>
          </reporter-output>
        </test-method> <!-- before -->
      </class> <!-- com.lemon.testcaes.ProjectCase -->
    </test> <!-- Default test -->
  </suite> <!-- Default suite -->
</testng-results>
