<?xml version="1.0" encoding="UTF-8"?>
<!-- Generated by org.testng.reporters.JUnitXMLReporter -->
<testsuite hostname="LAPTOP-MLKHQJEV" name="Test" tests="17" failures="0" timestamp="23 Dec 2019 10:16:38 GMT" time="4.543" errors="0">
  <testcase name="Register" time="1.137" classname="com.lemon.testcaes.RegisterCase"/>
  <testcase name="Register" time="0.08" classname="com.lemon.testcaes.RegisterCase"/>
  <testcase name="Register" time="0.085" classname="com.lemon.testcaes.RegisterCase"/>
  <testcase name="Register" time="0.084" classname="com.lemon.testcaes.RegisterCase"/>
  <testcase name="Register" time="0.236" classname="com.lemon.testcaes.RegisterCase"/>
  <testcase name="Register" time="0.098" classname="com.lemon.testcaes.RegisterCase"/>
  <testcase name="login" time="0.086" classname="com.lemon.testcaes.LoginCase"/>
  <testcase name="login" time="0.08" classname="com.lemon.testcaes.LoginCase"/>
  <testcase name="login" time="0.202" classname="com.lemon.testcaes.LoginCase"/>
  <testcase name="login" time="0.209" classname="com.lemon.testcaes.LoginCase"/>
  <testcase name="login" time="0.216" classname="com.lemon.testcaes.LoginCase"/>
  <testcase name="configures" time="0.119" classname="com.lemon.testcaes.ConfiguresCase"/>
  <testcase name="configures" time="0.086" classname="com.lemon.testcaes.ConfiguresCase"/>
  <testcase name="configures" time="0.077" classname="com.lemon.testcaes.ConfiguresCase"/>
  <testcase name="configures" time="0.084" classname="com.lemon.testcaes.ConfiguresCase"/>
  <testcase name="configures" time="0.1" classname="com.lemon.testcaes.ConfiguresCase"/>
  <testcase name="configures" time="0.083" classname="com.lemon.testcaes.ConfiguresCase"/>
</testsuite> <!-- Test -->
